2018-10-11 15:54:24.776  INFO 13724 --- [main] c.h.w.WriststapTcpApplication            : Starting WriststapTcpApplication on MSI with PID 13724 (C:\Users\kaibo\Desktop\wriststap_tcp\target\classes started by kaibo in C:\Users\kaibo\Desktop\wriststap_tcp)
2018-10-11 15:54:24.782 DEBUG 13724 --- [main] c.h.w.WriststapTcpApplication            : Running with Spring Boot v2.0.5.RELEASE, Spring v5.0.9.RELEASE
2018-10-11 15:54:24.783  INFO 13724 --- [main] c.h.w.WriststapTcpApplication            : No active profile set, falling back to default profiles: default
2018-10-11 15:54:24.835  INFO 13724 --- [main] s.c.a.AnnotationConfigApplicationContext : Refreshing org.springframework.context.annotation.AnnotationConfigApplicationContext@291f18: startup date [Thu Oct 11 15:54:24 GMT+08:00 2018]; root of context hierarchy
2018-10-11 15:54:25.431  INFO 13724 --- [main] o.s.j.e.a.AnnotationMBeanExporter        : Registering beans for JMX exposure on startup
2018-10-11 15:54:25.447  INFO 13724 --- [main] c.h.w.WriststapTcpApplication            : Started WriststapTcpApplication in 1.195 seconds (JVM running for 2.098)
2018-10-11 15:54:26.321  INFO 13724 --- [vert.x-eventloop-thread-0] c.h.w.server.ServerVerticle              : vert.x启动成功
2018-10-11 16:01:07.144  INFO 21780 --- [main] c.h.w.WriststapTcpApplication            : Starting WriststapTcpApplication on MSI with PID 21780 (C:\Users\kaibo\Desktop\wriststap_tcp\target\classes started by kaibo in C:\Users\kaibo\Desktop\wriststap_tcp)
2018-10-11 16:01:07.147 DEBUG 21780 --- [main] c.h.w.WriststapTcpApplication            : Running with Spring Boot v2.0.5.RELEASE, Spring v5.0.9.RELEASE
2018-10-11 16:01:07.148  INFO 21780 --- [main] c.h.w.WriststapTcpApplication            : No active profile set, falling back to default profiles: default
2018-10-11 16:01:07.193  INFO 21780 --- [main] s.c.a.AnnotationConfigApplicationContext : Refreshing org.springframework.context.annotation.AnnotationConfigApplicationContext@6bc407fd: startup date [Thu Oct 11 16:01:07 GMT+08:00 2018]; root of context hierarchy
2018-10-11 16:01:07.710  INFO 21780 --- [main] o.s.j.e.a.AnnotationMBeanExporter        : Registering beans for JMX exposure on startup
2018-10-11 16:01:07.721  INFO 21780 --- [main] c.h.w.WriststapTcpApplication            : Started WriststapTcpApplication in 1.054 seconds (JVM running for 1.845)
2018-10-11 16:01:08.568  INFO 21780 --- [vert.x-eventloop-thread-0] c.h.w.server.ServerVerticle              : vert.x启动成功
2018-10-11 16:01:43.122  INFO 21780 --- [vert.x-eventloop-thread-0] c.h.w.server.ServerVerticle              : 127.0.0.1接收数据:IWAPHT,60,130,85# 
2018-10-11 16:02:02.652 ERROR 21780 --- [vert.x-eventloop-thread-0] io.vertx.core.net.impl.ConnectionBase    : java.io.IOException: 远程主机强迫关闭了一个现有的连接。
2018-10-11 16:02:10.080  INFO 21780 --- [vert.x-eventloop-thread-0] c.h.w.server.ServerVerticle              : 127.0.0.1接收数据:IWAPHT,60,130,85# 
2018-10-11 16:02:44.609  WARN 21780 --- [vertx-blocked-thread-checker] io.vertx.core.impl.BlockedThreadChecker  : Thread Thread[vert.x-eventloop-thread-0,5,main] has been blocked for 20382 ms, time limit is 2000

io.vertx.core.VertxException: Thread blocked
	at java.io.FileOutputStream.writeBytes(Native Method) ~[na:1.8.0_171]
	at java.io.FileOutputStream.write(FileOutputStream.java:326) ~[na:1.8.0_171]
	at java.io.BufferedOutputStream.flushBuffer(BufferedOutputStream.java:82) ~[na:1.8.0_171]
	at java.io.BufferedOutputStream.flush(BufferedOutputStream.java:140) ~[na:1.8.0_171]
	at java.io.PrintStream.write(PrintStream.java:482) ~[na:1.8.0_171]
	at sun.nio.cs.StreamEncoder.writeBytes(StreamEncoder.java:221) ~[na:1.8.0_171]
	at sun.nio.cs.StreamEncoder.implFlushBuffer(StreamEncoder.java:291) ~[na:1.8.0_171]
	at sun.nio.cs.StreamEncoder.flushBuffer(StreamEncoder.java:104) ~[na:1.8.0_171]
	at java.io.OutputStreamWriter.flushBuffer(OutputStreamWriter.java:185) ~[na:1.8.0_171]
	at java.io.PrintStream.write(PrintStream.java:527) ~[na:1.8.0_171]
	at java.io.PrintStream.print(PrintStream.java:669) ~[na:1.8.0_171]
	at java.io.PrintStream.println(PrintStream.java:823) ~[na:1.8.0_171]
	at java.lang.Throwable$WrappedPrintStream.println(Throwable.java:748) ~[na:1.8.0_171]
	at java.lang.Throwable.printStackTrace(Throwable.java:658) ~[na:1.8.0_171]
	at java.lang.Throwable.printStackTrace(Throwable.java:643) ~[na:1.8.0_171]
	at java.lang.Throwable.printStackTrace(Throwable.java:634) ~[na:1.8.0_171]
	at com.hc.equipment.util.ReflectionUtil.invokeMethod(ReflectionUtil.java:42) ~[classes/:na]
	at com.hc.equipment.tcp.mvc.DispatcherProxy.routing(DispatcherProxy.java:64) ~[classes/:na]
	at com.hc.equipment.bootstrap.ServerVerticle.lambda$null$5(ServerVerticle.java:57) ~[classes/:na]
	at com.hc.equipment.bootstrap.ServerVerticle$$Lambda$226/66263185.handle(Unknown Source) ~[na:na]
	at io.vertx.core.net.impl.NetSocketImpl$DataMessageHandler.handle(NetSocketImpl.java:389) ~[vertx-core-3.5.0.jar:na]
	at io.vertx.core.net.impl.NetSocketImpl.handleMessageReceived(NetSocketImpl.java:356) ~[vertx-core-3.5.0.jar:na]
	at io.vertx.core.net.impl.NetServerImpl$2.handleMessage(NetServerImpl.java:445) ~[vertx-core-3.5.0.jar:na]
	at io.vertx.core.net.impl.NetServerImpl$2.handleMessage(NetServerImpl.java:442) ~[vertx-core-3.5.0.jar:na]
	at io.vertx.core.net.impl.VertxHandler.lambda$channelRead$1(VertxHandler.java:150) ~[vertx-core-3.5.0.jar:na]
	at io.vertx.core.net.impl.VertxHandler$$Lambda$227/55896770.run(Unknown Source) ~[na:na]
	at io.vertx.core.impl.ContextImpl.lambda$wrapTask$2(ContextImpl.java:342) ~[vertx-core-3.5.0.jar:na]
	at io.vertx.core.impl.ContextImpl$$Lambda$200/2090894907.run(Unknown Source) ~[na:na]
	at io.vertx.core.impl.ContextImpl.executeFromIO(ContextImpl.java:200) ~[vertx-core-3.5.0.jar:na]
	at io.vertx.core.net.impl.VertxHandler.channelRead(VertxHandler.java:148) ~[vertx-core-3.5.0.jar:na]
	at io.netty.channel.AbstractChannelHandlerContext.invokeChannelRead(AbstractChannelHandlerContext.java:362) ~[netty-transport-4.1.29.Final.jar:4.1.29.Final]
	at io.netty.channel.AbstractChannelHandlerContext.invokeChannelRead(AbstractChannelHandlerContext.java:348) ~[netty-transport-4.1.29.Final.jar:4.1.29.Final]
	at io.netty.channel.AbstractChannelHandlerContext.fireChannelRead(AbstractChannelHandlerContext.java:340) ~[netty-transport-4.1.29.Final.jar:4.1.29.Final]
	at io.netty.channel.DefaultChannelPipeline$HeadContext.channelRead(DefaultChannelPipeline.java:1434) ~[netty-transport-4.1.29.Final.jar:4.1.29.Final]
	at io.netty.channel.AbstractChannelHandlerContext.invokeChannelRead(AbstractChannelHandlerContext.java:362) ~[netty-transport-4.1.29.Final.jar:4.1.29.Final]
	at io.netty.channel.AbstractChannelHandlerContext.invokeChannelRead(AbstractChannelHandlerContext.java:348) ~[netty-transport-4.1.29.Final.jar:4.1.29.Final]
	at io.netty.channel.DefaultChannelPipeline.fireChannelRead(DefaultChannelPipeline.java:965) ~[netty-transport-4.1.29.Final.jar:4.1.29.Final]
	at io.netty.channel.nio.AbstractNioByteChannel$NioByteUnsafe.read(AbstractNioByteChannel.java:163) ~[netty-transport-4.1.29.Final.jar:4.1.29.Final]
	at io.netty.channel.nio.NioEventLoop.processSelectedKey(NioEventLoop.java:628) ~[netty-transport-4.1.29.Final.jar:4.1.29.Final]
	at io.netty.channel.nio.NioEventLoop.processSelectedKeysOptimized(NioEventLoop.java:563) ~[netty-transport-4.1.29.Final.jar:4.1.29.Final]
	at io.netty.channel.nio.NioEventLoop.processSelectedKeys(NioEventLoop.java:480) ~[netty-transport-4.1.29.Final.jar:4.1.29.Final]
	at io.netty.channel.nio.NioEventLoop.run(NioEventLoop.java:442) ~[netty-transport-4.1.29.Final.jar:4.1.29.Final]
	at io.netty.util.concurrent.SingleThreadEventExecutor$5.run(SingleThreadEventExecutor.java:884) ~[netty-common-4.1.29.Final.jar:4.1.29.Final]
	at io.netty.util.concurrent.FastThreadLocalRunnable.run(FastThreadLocalRunnable.java:30) ~[netty-common-4.1.29.Final.jar:4.1.29.Final]
	at java.lang.Thread.run(Thread.java:748) ~[na:1.8.0_171]

2018-10-11 16:02:57.509  INFO 15472 --- [main] c.h.w.WriststapTcpApplication            : Starting WriststapTcpApplication on MSI with PID 15472 (C:\Users\kaibo\Desktop\wriststap_tcp\target\classes started by kaibo in C:\Users\kaibo\Desktop\wriststap_tcp)
2018-10-11 16:02:57.513 DEBUG 15472 --- [main] c.h.w.WriststapTcpApplication            : Running with Spring Boot v2.0.5.RELEASE, Spring v5.0.9.RELEASE
2018-10-11 16:02:57.514  INFO 15472 --- [main] c.h.w.WriststapTcpApplication            : No active profile set, falling back to default profiles: default
2018-10-11 16:02:57.573  INFO 15472 --- [main] s.c.a.AnnotationConfigApplicationContext : Refreshing org.springframework.context.annotation.AnnotationConfigApplicationContext@6bc407fd: startup date [Thu Oct 11 16:02:57 GMT+08:00 2018]; root of context hierarchy
2018-10-11 16:02:58.084  INFO 15472 --- [main] o.s.j.e.a.AnnotationMBeanExporter        : Registering beans for JMX exposure on startup
2018-10-11 16:02:58.096  INFO 15472 --- [main] c.h.w.WriststapTcpApplication            : Started WriststapTcpApplication in 1.065 seconds (JVM running for 1.856)
2018-10-11 16:02:58.965  INFO 15472 --- [vert.x-eventloop-thread-0] c.h.w.server.ServerVerticle              : vert.x启动成功
2018-10-11 16:03:03.984  INFO 15472 --- [vert.x-eventloop-thread-0] c.h.w.server.ServerVerticle              : 127.0.0.1接收数据:IWAPHT,60,130,85# 
2018-10-11 16:03:06.427  INFO 15472 --- [vert.x-eventloop-thread-0] c.h.w.controller.WriststrapController    : 血压测量结果--心率：60，高压：130，低压85
2018-10-11 16:03:08.639  WARN 15472 --- [vertx-blocked-thread-checker] io.vertx.core.impl.BlockedThreadChecker  : Thread Thread[vert.x-eventloop-thread-0,5,main] has been blocked for 2922 ms, time limit is 2000
2018-10-11 16:03:08.640  WARN 15472 --- [vertx-blocked-thread-checker] io.vertx.core.impl.BlockedThreadChecker  : Thread Thread[vert.x-eventloop-thread-0,5,main] has been blocked for 4662 ms, time limit is 2000
2018-10-11 16:03:26.935  INFO 15472 --- [vert.x-eventloop-thread-0] c.h.w.server.ServerVerticle              : 127.0.0.1接收数据:IWAPHT,60,130,85# 
2018-10-11 16:03:26.936  INFO 15472 --- [vert.x-eventloop-thread-0] c.h.w.controller.WriststrapController    : 血压测量结果--心率：60，高压：130，低压85
2018-10-11 16:04:15.116 ERROR 15472 --- [vert.x-eventloop-thread-0] io.vertx.core.net.impl.ConnectionBase    : java.io.IOException: 远程主机强迫关闭了一个现有的连接。
2018-10-11 16:04:16.477 ERROR 15472 --- [vert.x-eventloop-thread-0] io.vertx.core.net.impl.ConnectionBase    : java.io.IOException: 远程主机强迫关闭了一个现有的连接。
2018-10-11 16:04:26.622  INFO 15472 --- [vert.x-eventloop-thread-0] c.h.w.server.ServerVerticle              : 127.0.0.1接收数据:IWAP49,68# 
2018-10-11 16:04:26.622  INFO 15472 --- [vert.x-eventloop-thread-0] c.h.w.controller.WriststrapController    : 心率测量结果:68
2018-10-11 16:04:47.636 ERROR 15472 --- [vert.x-eventloop-thread-0] io.vertx.core.net.impl.ConnectionBase    : java.io.IOException: 远程主机强迫关闭了一个现有的连接。
2018-10-11 16:04:58.962  INFO 15472 --- [vert.x-eventloop-thread-0] c.h.w.server.ServerVerticle              : 127.0.0.1接收数据:IWAP03,06000908000102,5555,30# 
2018-10-11 16:04:58.963  INFO 15472 --- [vert.x-eventloop-thread-0] c.h.w.controller.WriststrapController    : 心跳包获取电量：080
2018-10-11 16:05:21.417  INFO 23380 --- [main] c.h.w.WriststapTcpApplicationTests       : Starting WriststapTcpApplicationTests on MSI with PID 23380 (started by kaibo in C:\Users\kaibo\Desktop\wriststap_tcp)
2018-10-11 16:05:21.418 DEBUG 23380 --- [main] c.h.w.WriststapTcpApplicationTests       : Running with Spring Boot v2.0.5.RELEASE, Spring v5.0.9.RELEASE
2018-10-11 16:05:21.421  INFO 23380 --- [main] c.h.w.WriststapTcpApplicationTests       : No active profile set, falling back to default profiles: default
2018-10-11 16:05:21.436  INFO 23380 --- [main] s.c.a.AnnotationConfigApplicationContext : Refreshing org.springframework.context.annotation.AnnotationConfigApplicationContext@2ca923bb: startup date [Thu Oct 11 16:05:21 GMT+08:00 2018]; root of context hierarchy
2018-10-11 16:05:21.928  INFO 23380 --- [main] c.h.w.WriststapTcpApplicationTests       : Started WriststapTcpApplicationTests in 0.854 seconds (JVM running for 1.697)
2018-10-11 16:05:22.065  INFO 23380 --- [Thread-2] s.c.a.AnnotationConfigApplicationContext : Closing org.springframework.context.annotation.AnnotationConfigApplicationContext@2ca923bb: startup date [Thu Oct 11 16:05:21 GMT+08:00 2018]; root of context hierarchy
2018-10-11 16:11:48.167  INFO 22480 --- [main] c.h.w.WriststapTcpApplication            : Starting WriststapTcpApplication on MSI with PID 22480 (C:\Users\kaibo\Desktop\wriststap_tcp\target\classes started by kaibo in C:\Users\kaibo\Desktop\wriststap_tcp)
2018-10-11 16:11:48.172 DEBUG 22480 --- [main] c.h.w.WriststapTcpApplication            : Running with Spring Boot v2.0.5.RELEASE, Spring v5.0.9.RELEASE
2018-10-11 16:11:48.172  INFO 22480 --- [main] c.h.w.WriststapTcpApplication            : No active profile set, falling back to default profiles: default
2018-10-11 16:11:48.217  INFO 22480 --- [main] s.c.a.AnnotationConfigApplicationContext : Refreshing org.springframework.context.annotation.AnnotationConfigApplicationContext@6bc407fd: startup date [Thu Oct 11 16:11:48 GMT+08:00 2018]; root of context hierarchy
2018-10-11 16:11:48.710  INFO 22480 --- [main] o.s.j.e.a.AnnotationMBeanExporter        : Registering beans for JMX exposure on startup
2018-10-11 16:11:48.721  INFO 22480 --- [main] c.h.w.WriststapTcpApplication            : Started WriststapTcpApplication in 1.065 seconds (JVM running for 1.918)
2018-10-11 16:11:49.565  INFO 22480 --- [vert.x-eventloop-thread-0] c.h.w.server.ServerVerticle              : vert.x启动成功
2018-10-11 16:12:11.140  INFO 20648 --- [main] c.h.w.WriststapTcpApplication            : Starting WriststapTcpApplication on MSI with PID 20648 (C:\Users\kaibo\Desktop\wriststap_tcp\target\classes started by kaibo in C:\Users\kaibo\Desktop\wriststap_tcp)
2018-10-11 16:12:11.144 DEBUG 20648 --- [main] c.h.w.WriststapTcpApplication            : Running with Spring Boot v2.0.5.RELEASE, Spring v5.0.9.RELEASE
2018-10-11 16:12:11.145  INFO 20648 --- [main] c.h.w.WriststapTcpApplication            : No active profile set, falling back to default profiles: default
2018-10-11 16:12:11.182  INFO 20648 --- [main] s.c.a.AnnotationConfigApplicationContext : Refreshing org.springframework.context.annotation.AnnotationConfigApplicationContext@6bc407fd: startup date [Thu Oct 11 16:12:11 GMT+08:00 2018]; root of context hierarchy
2018-10-11 16:12:11.714  INFO 20648 --- [main] o.s.j.e.a.AnnotationMBeanExporter        : Registering beans for JMX exposure on startup
2018-10-11 16:12:11.726  INFO 20648 --- [main] c.h.w.WriststapTcpApplication            : Started WriststapTcpApplication in 1.078 seconds (JVM running for 1.918)
2018-10-11 16:12:12.547  INFO 20648 --- [vert.x-eventloop-thread-0] c.h.w.server.ServerVerticle              : vert.x启动成功
2018-10-11 16:12:57.100  INFO 840 --- [main] c.h.w.WriststapTcpApplication            : Starting WriststapTcpApplication on MSI with PID 840 (C:\Users\kaibo\Desktop\wriststap_tcp\target\classes started by kaibo in C:\Users\kaibo\Desktop\wriststap_tcp)
2018-10-11 16:12:57.106 DEBUG 840 --- [main] c.h.w.WriststapTcpApplication            : Running with Spring Boot v2.0.5.RELEASE, Spring v5.0.9.RELEASE
2018-10-11 16:12:57.107  INFO 840 --- [main] c.h.w.WriststapTcpApplication            : No active profile set, falling back to default profiles: default
2018-10-11 16:12:57.168  INFO 840 --- [main] s.c.a.AnnotationConfigApplicationContext : Refreshing org.springframework.context.annotation.AnnotationConfigApplicationContext@35645047: startup date [Thu Oct 11 16:12:57 GMT+08:00 2018]; root of context hierarchy
2018-10-11 16:12:57.701  INFO 840 --- [main] o.s.j.e.a.AnnotationMBeanExporter        : Registering beans for JMX exposure on startup
2018-10-11 16:12:57.714  INFO 840 --- [main] c.h.w.WriststapTcpApplication            : Started WriststapTcpApplication in 1.239 seconds (JVM running for 2.641)
2018-10-11 16:12:58.527  INFO 840 --- [vert.x-eventloop-thread-0] c.h.w.server.ServerVerticle              : vert.x启动成功
2018-10-11 16:15:03.846  INFO 11056 --- [main] c.h.w.WriststapTcpApplication            : Starting WriststapTcpApplication on MSI with PID 11056 (C:\Users\kaibo\Desktop\wriststap_tcp\target\classes started by kaibo in C:\Users\kaibo\Desktop\wriststap_tcp)
2018-10-11 16:15:03.849 DEBUG 11056 --- [main] c.h.w.WriststapTcpApplication            : Running with Spring Boot v2.0.5.RELEASE, Spring v5.0.9.RELEASE
2018-10-11 16:15:03.849  INFO 11056 --- [main] c.h.w.WriststapTcpApplication            : No active profile set, falling back to default profiles: default
2018-10-11 16:15:03.885  INFO 11056 --- [main] s.c.a.AnnotationConfigApplicationContext : Refreshing org.springframework.context.annotation.AnnotationConfigApplicationContext@291f18: startup date [Thu Oct 11 16:15:03 GMT+08:00 2018]; root of context hierarchy
2018-10-11 16:15:04.398  INFO 11056 --- [main] o.s.j.e.a.AnnotationMBeanExporter        : Registering beans for JMX exposure on startup
2018-10-11 16:15:04.410  INFO 11056 --- [main] c.h.w.WriststapTcpApplication            : Started WriststapTcpApplication in 1.054 seconds (JVM running for 1.849)
2018-10-11 16:15:05.282  INFO 11056 --- [vert.x-eventloop-thread-0] c.h.w.bootstrap.ServerVerticle           : vert.x启动成功
2018-10-11 16:26:09.873  INFO 18820 --- [main] c.h.w.WriststapTcpApplication            : Starting WriststapTcpApplication on MSI with PID 18820 (C:\Users\kaibo\Desktop\wriststap_tcp\target\classes started by kaibo in C:\Users\kaibo\Desktop\wriststap_tcp)
2018-10-11 16:26:09.877 DEBUG 18820 --- [main] c.h.w.WriststapTcpApplication            : Running with Spring Boot v2.0.5.RELEASE, Spring v5.0.9.RELEASE
2018-10-11 16:26:09.878  INFO 18820 --- [main] c.h.w.WriststapTcpApplication            : No active profile set, falling back to default profiles: default
2018-10-11 16:26:09.914  INFO 18820 --- [main] onfigReactiveWebServerApplicationContext : Refreshing org.springframework.boot.web.reactive.context.AnnotationConfigReactiveWebServerApplicationContext@2796aeae: startup date [Thu Oct 11 16:26:09 GMT+08:00 2018]; root of context hierarchy
2018-10-11 16:26:10.719  INFO 18820 --- [main] s.w.r.r.m.a.RequestMappingHandlerMapping : Mapped "{[/monitor/websocket/resources],methods=[GET]}" onto public reactor.core.publisher.Mono com.hc.equipment.http.HttpController.getConcurrentConnection()
2018-10-11 16:26:10.774  INFO 18820 --- [main] o.s.w.r.handler.SimpleUrlHandlerMapping  : Mapped URL path [/webjars/**] onto handler of type [class org.springframework.web.reactive.resource.ResourceWebHandler]
2018-10-11 16:26:10.774  INFO 18820 --- [main] o.s.w.r.handler.SimpleUrlHandlerMapping  : Mapped URL path [/**] onto handler of type [class org.springframework.web.reactive.resource.ResourceWebHandler]
2018-10-11 16:26:10.873  INFO 18820 --- [main] o.s.w.r.r.m.a.ControllerMethodResolver   : Looking for @ControllerAdvice: org.springframework.boot.web.reactive.context.AnnotationConfigReactiveWebServerApplicationContext@2796aeae: startup date [Thu Oct 11 16:26:09 GMT+08:00 2018]; root of context hierarchy
2018-10-11 16:26:11.251  INFO 18820 --- [main] o.s.j.e.a.AnnotationMBeanExporter        : Registering beans for JMX exposure on startup
2018-10-11 16:26:11.590  INFO 18820 --- [reactor-http-nio-1] r.ipc.netty.tcp.BlockingNettyContext     : Started HttpServer on /0:0:0:0:0:0:0:0:8766
2018-10-11 16:26:11.591  INFO 18820 --- [main] o.s.b.web.embedded.netty.NettyWebServer  : Netty started on port(s): 8766
2018-10-11 16:26:11.595  INFO 18820 --- [main] c.h.w.WriststapTcpApplication            : Started WriststapTcpApplication in 2.229 seconds (JVM running for 3.305)
2018-10-11 16:26:12.005  INFO 18820 --- [vert.x-eventloop-thread-0] c.h.w.bootstrap.ServerVerticle           : vert.x启动成功
2018-10-11 16:27:08.289  INFO 18820 --- [vert.x-eventloop-thread-0] c.h.w.bootstrap.ServerVerticle           : 127.0.0.1接收数据:IWAP03,06000908000102,5555,30# 
2018-10-11 16:27:08.289  INFO 18820 --- [vert.x-eventloop-thread-0] c.h.w.tcp.WriststrapController           : 心跳包获取电量：080
2018-10-11 16:32:17.380  INFO 21936 --- [main] c.h.w.WriststapTcpApplication            : Starting WriststapTcpApplication on MSI with PID 21936 (C:\Users\kaibo\Desktop\wriststap_tcp\target\classes started by kaibo in C:\Users\kaibo\Desktop\wriststap_tcp)
2018-10-11 16:32:17.386 DEBUG 21936 --- [main] c.h.w.WriststapTcpApplication            : Running with Spring Boot v2.0.5.RELEASE, Spring v5.0.9.RELEASE
2018-10-11 16:32:17.388  INFO 21936 --- [main] c.h.w.WriststapTcpApplication            : No active profile set, falling back to default profiles: default
2018-10-11 16:32:17.447  INFO 21936 --- [main] onfigReactiveWebServerApplicationContext : Refreshing org.springframework.boot.web.reactive.context.AnnotationConfigReactiveWebServerApplicationContext@77d67cf3: startup date [Thu Oct 11 16:32:17 GMT+08:00 2018]; root of context hierarchy
2018-10-11 16:32:18.305  INFO 21936 --- [main] s.w.r.r.m.a.RequestMappingHandlerMapping : Mapped "{[/vertx/websocket/resources],methods=[GET]}" onto public reactor.core.publisher.Mono com.hc.equipment.http.WriststrapController.getConcurrentConnection()
2018-10-11 16:32:18.354  INFO 21936 --- [main] o.s.w.r.handler.SimpleUrlHandlerMapping  : Mapped URL path [/webjars/**] onto handler of type [class org.springframework.web.reactive.resource.ResourceWebHandler]
2018-10-11 16:32:18.354  INFO 21936 --- [main] o.s.w.r.handler.SimpleUrlHandlerMapping  : Mapped URL path [/**] onto handler of type [class org.springframework.web.reactive.resource.ResourceWebHandler]
2018-10-11 16:32:18.471  INFO 21936 --- [main] o.s.w.r.r.m.a.ControllerMethodResolver   : Looking for @ControllerAdvice: org.springframework.boot.web.reactive.context.AnnotationConfigReactiveWebServerApplicationContext@77d67cf3: startup date [Thu Oct 11 16:32:17 GMT+08:00 2018]; root of context hierarchy
2018-10-11 16:32:18.848  INFO 21936 --- [main] o.s.j.e.a.AnnotationMBeanExporter        : Registering beans for JMX exposure on startup
2018-10-11 16:32:19.218  INFO 21936 --- [reactor-http-nio-1] r.ipc.netty.tcp.BlockingNettyContext     : Started HttpServer on /0:0:0:0:0:0:0:0:8766
2018-10-11 16:32:19.218  INFO 21936 --- [main] o.s.b.web.embedded.netty.NettyWebServer  : Netty started on port(s): 8766
2018-10-11 16:32:19.223  INFO 21936 --- [main] c.h.w.WriststapTcpApplication            : Started WriststapTcpApplication in 2.397 seconds (JVM running for 3.337)
2018-10-11 16:32:19.719  INFO 21936 --- [vert.x-eventloop-thread-0] c.h.w.bootstrap.ServerVerticle           : vert.x启动成功
2018-10-11 16:32:25.618  INFO 21936 --- [vert.x-eventloop-thread-0] c.h.w.bootstrap.ServerVerticle           : 127.0.0.1接收数据:IWAP03,06000908000102,5555,30# 
2018-10-11 16:32:25.619  INFO 21936 --- [vert.x-eventloop-thread-0] c.h.w.tcp.WriststrapController           : 心跳包获取电量：080
2018-10-11 16:32:56.915 ERROR 21936 --- [vert.x-eventloop-thread-0] io.vertx.core.net.impl.ConnectionBase    : java.io.IOException: 远程主机强迫关闭了一个现有的连接。
2018-10-11 16:33:14.694  INFO 21936 --- [vert.x-eventloop-thread-0] c.h.w.bootstrap.ServerVerticle           : 127.0.0.1接收数据:IWAP03,06000908000102,5555,30# 
2018-10-11 16:33:17.556  WARN 21936 --- [vertx-blocked-thread-checker] io.vertx.core.impl.BlockedThreadChecker  : Thread Thread[vert.x-eventloop-thread-0,5,main] has been blocked for 2842 ms, time limit is 2000
2018-10-11 16:33:19.117  INFO 21936 --- [vert.x-eventloop-thread-0] c.h.w.tcp.WriststrapController           : 心跳包获取电量：080
2018-10-11 16:33:19.118  WARN 21936 --- [vertx-blocked-thread-checker] io.vertx.core.impl.BlockedThreadChecker  : Thread Thread[vert.x-eventloop-thread-0,5,main] has been blocked for 4424 ms, time limit is 2000
2018-10-11 16:33:24.809  WARN 21936 --- [vertx-blocked-thread-checker] io.vertx.core.impl.BlockedThreadChecker  : Thread Thread[vert.x-eventloop-thread-0,5,main] has been blocked for 5952 ms, time limit is 2000

io.vertx.core.VertxException: Thread blocked
	at sun.nio.ch.WindowsSelectorImpl$SubSelector.poll0(Native Method) ~[na:1.8.0_171]
	at sun.nio.ch.WindowsSelectorImpl$SubSelector.poll(WindowsSelectorImpl.java:296) ~[na:1.8.0_171]
	at sun.nio.ch.WindowsSelectorImpl$SubSelector.access$400(WindowsSelectorImpl.java:278) ~[na:1.8.0_171]
	at sun.nio.ch.WindowsSelectorImpl.doSelect(WindowsSelectorImpl.java:159) ~[na:1.8.0_171]
	at sun.nio.ch.SelectorImpl.lockAndDoSelect(SelectorImpl.java:86) ~[na:1.8.0_171]
	at sun.nio.ch.SelectorImpl.select(SelectorImpl.java:97) ~[na:1.8.0_171]
	at io.netty.channel.nio.SelectedSelectionKeySetSelector.select(SelectedSelectionKeySetSelector.java:62) ~[netty-transport-4.1.29.Final.jar:4.1.29.Final]
	at io.netty.channel.nio.NioEventLoop.select(NioEventLoop.java:737) ~[netty-transport-4.1.29.Final.jar:4.1.29.Final]
	at io.netty.channel.nio.NioEventLoop.run(NioEventLoop.java:392) ~[netty-transport-4.1.29.Final.jar:4.1.29.Final]
	at io.netty.util.concurrent.SingleThreadEventExecutor$5.run(SingleThreadEventExecutor.java:884) ~[netty-common-4.1.29.Final.jar:4.1.29.Final]
	at io.netty.util.concurrent.FastThreadLocalRunnable.run(FastThreadLocalRunnable.java:30) ~[netty-common-4.1.29.Final.jar:4.1.29.Final]
	at java.lang.Thread.run(Thread.java:748) ~[na:1.8.0_171]

2018-10-11 16:33:49.110  INFO 22496 --- [main] c.h.w.WriststapTcpApplication            : Starting WriststapTcpApplication on MSI with PID 22496 (C:\Users\kaibo\Desktop\wriststap_tcp\target\classes started by kaibo in C:\Users\kaibo\Desktop\wriststap_tcp)
2018-10-11 16:33:49.115 DEBUG 22496 --- [main] c.h.w.WriststapTcpApplication            : Running with Spring Boot v2.0.5.RELEASE, Spring v5.0.9.RELEASE
2018-10-11 16:33:49.116  INFO 22496 --- [main] c.h.w.WriststapTcpApplication            : No active profile set, falling back to default profiles: default
2018-10-11 16:33:49.171  INFO 22496 --- [main] onfigReactiveWebServerApplicationContext : Refreshing org.springframework.boot.web.reactive.context.AnnotationConfigReactiveWebServerApplicationContext@70f02c32: startup date [Thu Oct 11 16:33:49 GMT+08:00 2018]; root of context hierarchy
2018-10-11 16:33:50.004  INFO 22496 --- [main] s.w.r.r.m.a.RequestMappingHandlerMapping : Mapped "{[/vertx/websocket/resources],methods=[GET]}" onto public reactor.core.publisher.Mono com.hc.equipment.http.WriststrapController.getConcurrentConnection()
2018-10-11 16:33:50.060  INFO 22496 --- [main] o.s.w.r.handler.SimpleUrlHandlerMapping  : Mapped URL path [/webjars/**] onto handler of type [class org.springframework.web.reactive.resource.ResourceWebHandler]
2018-10-11 16:33:50.060  INFO 22496 --- [main] o.s.w.r.handler.SimpleUrlHandlerMapping  : Mapped URL path [/**] onto handler of type [class org.springframework.web.reactive.resource.ResourceWebHandler]
2018-10-11 16:33:50.175  INFO 22496 --- [main] o.s.w.r.r.m.a.ControllerMethodResolver   : Looking for @ControllerAdvice: org.springframework.boot.web.reactive.context.AnnotationConfigReactiveWebServerApplicationContext@70f02c32: startup date [Thu Oct 11 16:33:49 GMT+08:00 2018]; root of context hierarchy
2018-10-11 16:33:50.598  INFO 22496 --- [main] o.s.j.e.a.AnnotationMBeanExporter        : Registering beans for JMX exposure on startup
2018-10-11 16:33:50.963  INFO 22496 --- [reactor-http-nio-1] r.ipc.netty.tcp.BlockingNettyContext     : Started HttpServer on /0:0:0:0:0:0:0:0:8766
2018-10-11 16:33:50.963  INFO 22496 --- [main] o.s.b.web.embedded.netty.NettyWebServer  : Netty started on port(s): 8766
2018-10-11 16:33:50.967  INFO 22496 --- [main] c.h.w.WriststapTcpApplication            : Started WriststapTcpApplication in 2.416 seconds (JVM running for 3.263)
2018-10-11 16:33:51.382  INFO 22496 --- [vert.x-eventloop-thread-0] c.h.w.bootstrap.ServerVerticle           : vert.x启动成功
2018-10-11 16:34:29.789  INFO 22496 --- [vert.x-eventloop-thread-0] c.h.w.bootstrap.ServerVerticle           : 127.0.0.1接收数据:IWAP03,06000908000102,5555,30# 
2018-10-11 16:34:31.524  INFO 22496 --- [vert.x-eventloop-thread-0] c.h.w.tcp.WriststrapController           : 心跳包获取电量：080
2018-10-11 16:34:41.552 ERROR 22496 --- [vert.x-eventloop-thread-0] io.vertx.core.net.impl.ConnectionBase    : java.io.IOException: 远程主机强迫关闭了一个现有的连接。
2018-10-11 16:52:38.673  INFO 17532 --- [main] c.hc.equipment.WriststapTcpApplication   : Starting WriststapTcpApplication on MSI with PID 17532 (C:\Users\kaibo\Desktop\wriststap_tcp\target\classes started by kaibo in C:\Users\kaibo\Desktop\wriststap_tcp)
2018-10-11 16:52:38.677 DEBUG 17532 --- [main] c.hc.equipment.WriststapTcpApplication   : Running with Spring Boot v2.0.5.RELEASE, Spring v5.0.9.RELEASE
2018-10-11 16:52:38.678  INFO 17532 --- [main] c.hc.equipment.WriststapTcpApplication   : No active profile set, falling back to default profiles: default
2018-10-11 16:52:38.724  INFO 17532 --- [main] onfigReactiveWebServerApplicationContext : Refreshing org.springframework.boot.web.reactive.context.AnnotationConfigReactiveWebServerApplicationContext@53dbe163: startup date [Thu Oct 11 16:52:38 GMT+08:00 2018]; root of context hierarchy
2018-10-11 16:52:39.530  INFO 17532 --- [main] s.w.r.r.m.a.RequestMappingHandlerMapping : Mapped "{[/vertx/websocket/resources],methods=[GET]}" onto public reactor.core.publisher.Mono com.hc.equipment.http.WriststrapController.getConcurrentConnection()
2018-10-11 16:52:39.609  INFO 17532 --- [main] o.s.w.r.handler.SimpleUrlHandlerMapping  : Mapped URL path [/webjars/**] onto handler of type [class org.springframework.web.reactive.resource.ResourceWebHandler]
2018-10-11 16:52:39.610  INFO 17532 --- [main] o.s.w.r.handler.SimpleUrlHandlerMapping  : Mapped URL path [/**] onto handler of type [class org.springframework.web.reactive.resource.ResourceWebHandler]
2018-10-11 16:52:39.724  INFO 17532 --- [main] o.s.w.r.r.m.a.ControllerMethodResolver   : Looking for @ControllerAdvice: org.springframework.boot.web.reactive.context.AnnotationConfigReactiveWebServerApplicationContext@53dbe163: startup date [Thu Oct 11 16:52:38 GMT+08:00 2018]; root of context hierarchy
2018-10-11 16:52:40.089  INFO 17532 --- [main] o.s.j.e.a.AnnotationMBeanExporter        : Registering beans for JMX exposure on startup
2018-10-11 16:52:40.454  INFO 17532 --- [reactor-http-nio-1] r.ipc.netty.tcp.BlockingNettyContext     : Started HttpServer on /0:0:0:0:0:0:0:0:8766
2018-10-11 16:52:40.454  INFO 17532 --- [main] o.s.b.web.embedded.netty.NettyWebServer  : Netty started on port(s): 8766
2018-10-11 16:52:40.459  INFO 17532 --- [main] c.hc.equipment.WriststapTcpApplication   : Started WriststapTcpApplication in 2.338 seconds (JVM running for 3.266)
2018-10-11 16:52:40.890  INFO 17532 --- [vert.x-eventloop-thread-0] c.hc.equipment.bootstrap.ServerVerticle  : vert.x启动成功
2018-10-11 16:56:24.514  INFO 20124 --- [main] c.hc.equipment.EquipmentTcpApplication   : Starting EquipmentTcpApplication on MSI with PID 20124 (C:\Users\kaibo\Desktop\wriststap_tcp\target\classes started by kaibo in C:\Users\kaibo\Desktop\wriststap_tcp)
2018-10-11 16:56:24.518 DEBUG 20124 --- [main] c.hc.equipment.EquipmentTcpApplication   : Running with Spring Boot v2.0.5.RELEASE, Spring v5.0.9.RELEASE
2018-10-11 16:56:24.519  INFO 20124 --- [main] c.hc.equipment.EquipmentTcpApplication   : No active profile set, falling back to default profiles: default
2018-10-11 16:56:24.566  INFO 20124 --- [main] onfigReactiveWebServerApplicationContext : Refreshing org.springframework.boot.web.reactive.context.AnnotationConfigReactiveWebServerApplicationContext@b4711e2: startup date [Thu Oct 11 16:56:24 GMT+08:00 2018]; root of context hierarchy
2018-10-11 16:56:25.396  INFO 20124 --- [main] s.w.r.r.m.a.RequestMappingHandlerMapping : Mapped "{[/vertx/websocket/resources],methods=[GET]}" onto public reactor.core.publisher.Mono com.hc.equipment.http.WriststrapController.getConcurrentConnection()
2018-10-11 16:56:25.449  INFO 20124 --- [main] o.s.w.r.handler.SimpleUrlHandlerMapping  : Mapped URL path [/webjars/**] onto handler of type [class org.springframework.web.reactive.resource.ResourceWebHandler]
2018-10-11 16:56:25.449  INFO 20124 --- [main] o.s.w.r.handler.SimpleUrlHandlerMapping  : Mapped URL path [/**] onto handler of type [class org.springframework.web.reactive.resource.ResourceWebHandler]
2018-10-11 16:56:25.542  INFO 20124 --- [main] o.s.w.r.r.m.a.ControllerMethodResolver   : Looking for @ControllerAdvice: org.springframework.boot.web.reactive.context.AnnotationConfigReactiveWebServerApplicationContext@b4711e2: startup date [Thu Oct 11 16:56:24 GMT+08:00 2018]; root of context hierarchy
2018-10-11 16:56:25.938  INFO 20124 --- [main] o.s.j.e.a.AnnotationMBeanExporter        : Registering beans for JMX exposure on startup
2018-10-11 16:56:26.287  INFO 20124 --- [reactor-http-nio-1] r.ipc.netty.tcp.BlockingNettyContext     : Started HttpServer on /0:0:0:0:0:0:0:0:8766
2018-10-11 16:56:26.288  INFO 20124 --- [main] o.s.b.web.embedded.netty.NettyWebServer  : Netty started on port(s): 8766
2018-10-11 16:56:26.292  INFO 20124 --- [main] c.hc.equipment.EquipmentTcpApplication   : Started EquipmentTcpApplication in 2.22 seconds (JVM running for 3.157)
2018-10-11 16:56:26.722  INFO 20124 --- [vert.x-eventloop-thread-0] c.hc.equipment.bootstrap.ServerVerticle  : vert.x启动成功
2018-10-11 16:56:36.972  INFO 20124 --- [vert.x-eventloop-thread-0] c.hc.equipment.bootstrap.ServerVerticle  : 127.0.0.1接收数据:IWAP03,06000908000102,5555,30# 
2018-10-11 16:56:36.973  INFO 20124 --- [vert.x-eventloop-thread-0] c.hc.equipment.tcp.WriststrapController  : 心跳包获取电量：080
